# JRE version: Java(TM) SE Runtime Environment (11.0.1+13) (build 11.0.1+13-LTS)
# Java VM: Java HotSpot(TM) 64-Bit Server VM (11.0.1+13-LTS, mixed mode, tiered, compressed oops, g1 gc, windows-amd64)
Heap:
 garbage-first heap   total 284672K, used 57352K [0x0000000740800000, 0x0000000800000000)
  region size 1024K, 35 young (35840K), 10 survivors (10240K)
 Metaspace       used 78323K, capacity 80109K, committed 80204K, reserved 1118208K
  class space    used 9895K, capacity 10583K, committed 10624K, reserved 1048576K
GC Heap History (10 events):
Event: 98992.700 GC heap before
{Heap before GC invocations=22 (full 0):
 garbage-first heap   total 284672K, used 192455K [0x0000000740800000, 0x0000000800000000)
  region size 1024K, 166 young (169984K), 10 survivors (10240K)
 Metaspace       used 77339K, capacity 79085K, committed 79308K, reserved 1118208K
  class space    used 9788K, capacity 10434K, committed 10496K, reserved 1048576K
}
Event: 98992.754 GC heap after
{Heap after GC invocations=23 (full 0):
 garbage-first heap   total 284672K, used 32243K [0x0000000740800000, 0x0000000800000000)
  region size 1024K, 10 young (10240K), 10 survivors (10240K)
 Metaspace       used 77339K, capacity 79085K, committed 79308K, reserved 1118208K
  class space    used 9788K, capacity 10434K, committed 10496K, reserved 1048576K
}
Event: 102849.234 GC heap before
{Heap before GC invocations=23 (full 0):
 garbage-first heap   total 284672K, used 191987K [0x0000000740800000, 0x0000000800000000)
  region size 1024K, 166 young (169984K), 10 survivors (10240K)
 Metaspace       used 77363K, capacity 79085K, committed 79308K, reserved 1118208K
  class space    used 9788K, capacity 10434K, committed 10496K, reserved 1048576K
}
Event: 102849.280 GC heap after
{Heap after GC invocations=24 (full 0):
 garbage-first heap   total 284672K, used 32668K [0x0000000740800000, 0x0000000800000000)
  region size 1024K, 10 young (10240K), 10 survivors (10240K)
 Metaspace       used 77363K, capacity 79085K, committed 79308K, reserved 1118208K
  class space    used 9788K, capacity 10434K, committed 10496K, reserved 1048576K
}
Event: 106583.814 GC heap before
{Heap before GC invocations=24 (full 0):
 garbage-first heap   total 284672K, used 192412K [0x0000000740800000, 0x0000000800000000)
  region size 1024K, 166 young (169984K), 10 survivors (10240K)
 Metaspace       used 77420K, capacity 79150K, committed 79308K, reserved 1118208K
  class space    used 9788K, capacity 10434K, committed 10496K, reserved 1048576K
}
Event: 106583.832 GC heap after
{Heap after GC invocations=25 (full 0):
 garbage-first heap   total 284672K, used 32659K [0x0000000740800000, 0x0000000800000000)
  region size 1024K, 10 young (10240K), 10 survivors (10240K)
 Metaspace       used 77420K, capacity 79150K, committed 79308K, reserved 1118208K
  class space    used 9788K, capacity 10434K, committed 10496K, reserved 1048576K
}
Event: 110388.493 GC heap before
{Heap before GC invocations=25 (full 0):
 garbage-first heap   total 284672K, used 192403K [0x0000000740800000, 0x0000000800000000)
  region size 1024K, 166 young (169984K), 10 survivors (10240K)
 Metaspace       used 77421K, capacity 79150K, committed 79308K, reserved 1118208K
  class space    used 9788K, capacity 10434K, committed 10496K, reserved 1048576K
}
Event: 110388.511 GC heap after
{Heap after GC invocations=26 (full 0):
 garbage-first heap   total 284672K, used 32234K [0x0000000740800000, 0x0000000800000000)
  region size 1024K, 10 young (10240K), 10 survivors (10240K)
 Metaspace       used 77421K, capacity 79150K, committed 79308K, reserved 1118208K
  class space    used 9788K, capacity 10434K, committed 10496K, reserved 1048576K
}
Event: 173064.483 GC heap before
{Heap before GC invocations=26 (full 0):
 garbage-first heap   total 284672K, used 191978K [0x0000000740800000, 0x0000000800000000)
  region size 1024K, 166 young (169984K), 10 survivors (10240K)
 Metaspace       used 77437K, capacity 79150K, committed 79308K, reserved 1118208K
  class space    used 9788K, capacity 10434K, committed 10496K, reserved 1048576K
}
Event: 173064.497 GC heap after
{Heap after GC invocations=27 (full 0):
 garbage-first heap   total 284672K, used 32776K [0x0000000740800000, 0x0000000800000000)
  region size 1024K, 10 young (10240K), 10 survivors (10240K)
 Metaspace       used 77437K, capacity 79150K, committed 79308K, reserved 1118208K
  class space    used 9788K, capacity 10434K, committed 10496K, reserved 1048576K
}

