# JRE version: Java(TM) SE Runtime Environment (11.0.1+13) (build 11.0.1+13-LTS)
# Java VM: Java HotSpot(TM) 64-Bit Server VM (11.0.1+13-LTS, mixed mode, tiered, compressed oops, g1 gc, windows-amd64)
Heap:
 garbage-first heap   total 236544K, used 74482K [0x0000000740800000, 0x0000000800000000)
  region size 1024K, 67 young (68608K), 11 survivors (11264K)
 Metaspace       used 45788K, capacity 47011K, committed 47312K, reserved 1091584K
  class space    used 5365K, capacity 5834K, committed 5884K, reserved 1048576K
GC Heap History (10 events):
Event: 1.829 GC heap before
{Heap before GC invocations=2 (full 0):
 garbage-first heap   total 196608K, used 47499K [0x0000000740800000, 0x0000000800000000)
  region size 1024K, 44 young (45056K), 3 survivors (3072K)
 Metaspace       used 19175K, capacity 19515K, committed 19712K, reserved 1067008K
  class space    used 2172K, capacity 2295K, committed 2304K, reserved 1048576K
}
Event: 1.834 GC heap after
{Heap after GC invocations=3 (full 0):
 garbage-first heap   total 196608K, used 8668K [0x0000000740800000, 0x0000000800000000)
  region size 1024K, 5 young (5120K), 5 survivors (5120K)
 Metaspace       used 19175K, capacity 19515K, committed 19712K, reserved 1067008K
  class space    used 2172K, capacity 2295K, committed 2304K, reserved 1048576K
}
Event: 1.984 GC heap before
{Heap before GC invocations=3 (full 0):
 garbage-first heap   total 196608K, used 17884K [0x0000000740800000, 0x0000000800000000)
  region size 1024K, 15 young (15360K), 5 survivors (5120K)
 Metaspace       used 20710K, capacity 21164K, committed 21248K, reserved 1069056K
  class space    used 2373K, capacity 2531K, committed 2560K, reserved 1048576K
}
Event: 1.990 GC heap after
{Heap after GC invocations=4 (full 0):
 garbage-first heap   total 196608K, used 9330K [0x0000000740800000, 0x0000000800000000)
  region size 1024K, 5 young (5120K), 5 survivors (5120K)
 Metaspace       used 20710K, capacity 21164K, committed 21248K, reserved 1069056K
  class space    used 2373K, capacity 2531K, committed 2560K, reserved 1048576K
}
Event: 3.452 GC heap before
{Heap before GC invocations=5 (full 0):
 garbage-first heap   total 196608K, used 99442K [0x0000000740800000, 0x0000000800000000)
  region size 1024K, 94 young (96256K), 5 survivors (5120K)
 Metaspace       used 30372K, capacity 31132K, committed 31228K, reserved 1077248K
  class space    used 3484K, capacity 3788K, committed 3836K, reserved 1048576K
}
Event: 3.461 GC heap after
{Heap after GC invocations=6 (full 0):
 garbage-first heap   total 196608K, used 12466K [0x0000000740800000, 0x0000000800000000)
  region size 1024K, 8 young (8192K), 8 survivors (8192K)
 Metaspace       used 30372K, capacity 31132K, committed 31228K, reserved 1077248K
  class space    used 3484K, capacity 3788K, committed 3836K, reserved 1048576K
}
Event: 4.354 GC heap before
{Heap before GC invocations=6 (full 0):
 garbage-first heap   total 196608K, used 73906K [0x0000000740800000, 0x0000000800000000)
  region size 1024K, 70 young (71680K), 8 survivors (8192K)
 Metaspace       used 35045K, capacity 35907K, committed 36048K, reserved 1081344K
  class space    used 4116K, capacity 4515K, committed 4604K, reserved 1048576K
}
Event: 4.368 GC heap after
{Heap after GC invocations=7 (full 0):
 garbage-first heap   total 236544K, used 15609K [0x0000000740800000, 0x0000000800000000)
  region size 1024K, 9 young (9216K), 9 survivors (9216K)
 Metaspace       used 35045K, capacity 35907K, committed 36048K, reserved 1081344K
  class space    used 4116K, capacity 4515K, committed 4604K, reserved 1048576K
}
Event: 5.700 GC heap before
{Heap before GC invocations=8 (full 0):
 garbage-first heap   total 236544K, used 120057K [0x0000000740800000, 0x0000000800000000)
  region size 1024K, 112 young (114688K), 9 survivors (9216K)
 Metaspace       used 40932K, capacity 42052K, committed 42192K, reserved 1085440K
  class space    used 4821K, capacity 5270K, committed 5372K, reserved 1048576K
}
Event: 5.715 GC heap after
{Heap after GC invocations=9 (full 0):
 garbage-first heap   total 236544K, used 19186K [0x0000000740800000, 0x0000000800000000)
  region size 1024K, 11 young (11264K), 11 survivors (11264K)
 Metaspace       used 40932K, capacity 42052K, committed 42192K, reserved 1085440K
  class space    used 4821K, capacity 5270K, committed 5372K, reserved 1048576K
}

