# JRE version: Java(TM) SE Runtime Environment (11.0.1+13) (build 11.0.1+13-LTS)
# Java VM: Java HotSpot(TM) 64-Bit Server VM (11.0.1+13-LTS, mixed mode, tiered, compressed oops, g1 gc, windows-amd64)
Heap:
 garbage-first heap   total 196608K, used 88784K [0x0000000740800000, 0x0000000800000000)
  region size 1024K, 81 young (82944K), 11 survivors (11264K)
 Metaspace       used 46338K, capacity 47542K, committed 47616K, reserved 1091584K
  class space    used 5364K, capacity 5834K, committed 5888K, reserved 1048576K
GC Heap History (10 events):
Event: 2.467 GC heap before
{Heap before GC invocations=1 (full 0):
 garbage-first heap   total 196608K, used 104497K [0x0000000740800000, 0x0000000800000000)
  region size 1024K, 100 young (102400K), 2 survivors (2048K)
 Metaspace       used 20735K, capacity 21158K, committed 21248K, reserved 1069056K
  class space    used 2367K, capacity 2526K, committed 2560K, reserved 1048576K
}
Event: 2.473 GC heap after
{Heap after GC invocations=2 (full 0):
 garbage-first heap   total 196608K, used 8857K [0x0000000740800000, 0x0000000800000000)
  region size 1024K, 5 young (5120K), 5 survivors (5120K)
 Metaspace       used 20735K, capacity 21158K, committed 21248K, reserved 1069056K
  class space    used 2367K, capacity 2526K, committed 2560K, reserved 1048576K
}
Event: 2.818 GC heap before
{Heap before GC invocations=3 (full 0):
 garbage-first heap   total 196608K, used 36505K [0x0000000740800000, 0x0000000800000000)
  region size 1024K, 33 young (33792K), 5 survivors (5120K)
 Metaspace       used 25369K, capacity 25877K, committed 25984K, reserved 1073152K
  class space    used 2902K, capacity 3096K, committed 3200K, reserved 1048576K
}
Event: 2.825 GC heap after
{Heap after GC invocations=4 (full 0):
 garbage-first heap   total 196608K, used 9634K [0x0000000740800000, 0x0000000800000000)
  region size 1024K, 1 young (1024K), 1 survivors (1024K)
 Metaspace       used 25369K, capacity 25877K, committed 25984K, reserved 1073152K
  class space    used 2902K, capacity 3096K, committed 3200K, reserved 1048576K
}
Event: 3.628 GC heap before
{Heap before GC invocations=4 (full 0):
 garbage-first heap   total 196608K, used 85410K [0x0000000740800000, 0x0000000800000000)
  region size 1024K, 76 young (77824K), 1 survivors (1024K)
 Metaspace       used 30411K, capacity 31130K, committed 31488K, reserved 1077248K
  class space    used 3466K, capacity 3720K, committed 3840K, reserved 1048576K
}
Event: 3.633 GC heap after
{Heap after GC invocations=5 (full 0):
 garbage-first heap   total 196608K, used 12009K [0x0000000740800000, 0x0000000800000000)
  region size 1024K, 4 young (4096K), 4 survivors (4096K)
 Metaspace       used 30411K, capacity 31130K, committed 31488K, reserved 1077248K
  class space    used 3466K, capacity 3720K, committed 3840K, reserved 1048576K
}
Event: 4.711 GC heap before
{Heap before GC invocations=5 (full 0):
 garbage-first heap   total 196608K, used 71401K [0x0000000740800000, 0x0000000800000000)
  region size 1024K, 63 young (64512K), 4 survivors (4096K)
 Metaspace       used 34888K, capacity 35767K, committed 35840K, reserved 1081344K
  class space    used 4072K, capacity 4444K, committed 4480K, reserved 1048576K
}
Event: 4.717 GC heap after
{Heap after GC invocations=6 (full 0):
 garbage-first heap   total 196608K, used 14742K [0x0000000740800000, 0x0000000800000000)
  region size 1024K, 6 young (6144K), 6 survivors (6144K)
 Metaspace       used 34888K, capacity 35767K, committed 35840K, reserved 1081344K
  class space    used 4072K, capacity 4444K, committed 4480K, reserved 1048576K
}
Event: 6.391 GC heap before
{Heap before GC invocations=7 (full 0):
 garbage-first heap   total 196608K, used 117142K [0x0000000740800000, 0x0000000800000000)
  region size 1024K, 107 young (109568K), 6 survivors (6144K)
 Metaspace       used 41419K, capacity 42517K, committed 42752K, reserved 1087488K
  class space    used 4825K, capacity 5269K, committed 5376K, reserved 1048576K
}
Event: 6.405 GC heap after
{Heap after GC invocations=8 (full 0):
 garbage-first heap   total 196608K, used 19152K [0x0000000740800000, 0x0000000800000000)
  region size 1024K, 11 young (11264K), 11 survivors (11264K)
 Metaspace       used 41419K, capacity 42517K, committed 42752K, reserved 1087488K
  class space    used 4825K, capacity 5269K, committed 5376K, reserved 1048576K
}

