# JRE version: Java(TM) SE Runtime Environment (11.0.1+13) (build 11.0.1+13-LTS)
# Java VM: Java HotSpot(TM) 64-Bit Server VM (11.0.1+13-LTS, mixed mode, tiered, compressed oops, g1 gc, windows-amd64)
Heap:
 garbage-first heap   total 236544K, used 21582K [0x0000000740800000, 0x0000000800000000)
  region size 1024K, 10 young (10240K), 10 survivors (10240K)
 Metaspace       used 47504K, capacity 48677K, committed 48972K, reserved 1091584K
  class space    used 5672K, capacity 6154K, committed 6220K, reserved 1048576K
GC Heap History (10 events):
Event: 2.229 GC heap after
{Heap after GC invocations=4 (full 0):
 garbage-first heap   total 196608K, used 9547K [0x0000000740800000, 0x0000000800000000)
  region size 1024K, 1 young (1024K), 1 survivors (1024K)
 Metaspace       used 22351K, capacity 22843K, committed 23040K, reserved 1069056K
  class space    used 2546K, capacity 2728K, committed 2816K, reserved 1048576K
}
Event: 3.356 GC heap before
{Heap before GC invocations=4 (full 0):
 garbage-first heap   total 196608K, used 55627K [0x0000000740800000, 0x0000000800000000)
  region size 1024K, 46 young (47104K), 1 survivors (1024K)
 Metaspace       used 30131K, capacity 30878K, committed 30976K, reserved 1077248K
  class space    used 3462K, capacity 3749K, committed 3840K, reserved 1048576K
}
Event: 3.360 GC heap after
{Heap after GC invocations=5 (full 0):
 garbage-first heap   total 196608K, used 11840K [0x0000000740800000, 0x0000000800000000)
  region size 1024K, 3 young (3072K), 3 survivors (3072K)
 Metaspace       used 30131K, capacity 30878K, committed 30976K, reserved 1077248K
  class space    used 3462K, capacity 3749K, committed 3840K, reserved 1048576K
}
Event: 4.098 GC heap before
{Heap before GC invocations=5 (full 0):
 garbage-first heap   total 196608K, used 87616K [0x0000000740800000, 0x0000000800000000)
  region size 1024K, 78 young (79872K), 3 survivors (3072K)
 Metaspace       used 32380K, capacity 33179K, committed 33280K, reserved 1079296K
  class space    used 3754K, capacity 4058K, committed 4096K, reserved 1048576K
}
Event: 4.103 GC heap after
{Heap after GC invocations=6 (full 0):
 garbage-first heap   total 196608K, used 13884K [0x0000000740800000, 0x0000000800000000)
  region size 1024K, 5 young (5120K), 5 survivors (5120K)
 Metaspace       used 32380K, capacity 33179K, committed 33280K, reserved 1079296K
  class space    used 3754K, capacity 4058K, committed 4096K, reserved 1048576K
}
Event: 4.565 GC heap before
{Heap before GC invocations=6 (full 0):
 garbage-first heap   total 196608K, used 35388K [0x0000000740800000, 0x0000000800000000)
  region size 1024K, 27 young (27648K), 5 survivors (5120K)
 Metaspace       used 34960K, capacity 35793K, committed 35840K, reserved 1081344K
  class space    used 4109K, capacity 4479K, committed 4480K, reserved 1048576K
}
Event: 4.575 GC heap after
{Heap after GC invocations=7 (full 0):
 garbage-first heap   total 196608K, used 15465K [0x0000000740800000, 0x0000000800000000)
  region size 1024K, 7 young (7168K), 7 survivors (7168K)
 Metaspace       used 34960K, capacity 35793K, committed 35840K, reserved 1081344K
  class space    used 4109K, capacity 4479K, committed 4480K, reserved 1048576K
}
Event: 5.546 GC heap before
{Heap before GC invocations=8 (full 0):
 garbage-first heap   total 196608K, used 98409K [0x0000000740800000, 0x0000000800000000)
  region size 1024K, 89 young (91136K), 7 survivors (7168K)
 Metaspace       used 39980K, capacity 41093K, committed 41292K, reserved 1085440K
  class space    used 4722K, capacity 5165K, committed 5196K, reserved 1048576K
}
Event: 5.555 GC heap after
{Heap after GC invocations=9 (full 0):
 garbage-first heap   total 196608K, used 18667K [0x0000000740800000, 0x0000000800000000)
  region size 1024K, 10 young (10240K), 10 survivors (10240K)
 Metaspace       used 39980K, capacity 41093K, committed 41292K, reserved 1085440K
  class space    used 4722K, capacity 5165K, committed 5196K, reserved 1048576K
}
Event: 6.816 GC heap before
{Heap before GC invocations=9 (full 0):
 garbage-first heap   total 196608K, used 106731K [0x0000000740800000, 0x0000000800000000)
  region size 1024K, 97 young (99328K), 10 survivors (10240K)
 Metaspace       used 47504K, capacity 48677K, committed 48972K, reserved 1091584K
  class space    used 5672K, capacity 6154K, committed 6220K, reserved 1048576K
}

